  Bank System.cpp
C:\Users\lmrin\Desktop\Course 11\Bank System\clsString.h(33,25): warning C4267: 'return' : conversion de 'size_t' en 'short', perte possible de données
  (compiler le fichier source 'Bank%20System.cpp')
  
C:\Users\lmrin\Desktop\Course 11\Bank System\clsString.h(38,29): warning C4267: 'return' : conversion de 'size_t' en 'short', perte possible de données
  (compiler le fichier source 'Bank%20System.cpp')
  
C:\Users\lmrin\Desktop\Course 11\Bank System\clsString.h(52,30): warning C4267: '=' : conversion de 'size_t' en 'short', perte possible de données
  (compiler le fichier source 'Bank%20System.cpp')
  
C:\Users\lmrin\Desktop\Course 11\Bank System\clsString.h(182,29): warning C4267: 'return' : conversion de 'size_t' en 'short', perte possible de données
  (compiler le fichier source 'Bank%20System.cpp')
  
C:\Users\lmrin\Desktop\Course 11\Bank System\clsString.h(317,30): warning C4267: '=' : conversion de 'size_t' en 'short', perte possible de données
  (compiler le fichier source 'Bank%20System.cpp')
  
C:\Users\lmrin\Desktop\Course 11\Bank System\clsString.h(365,22): warning C4267: 'initialisation' : conversion de 'size_t' en 'short', perte possible de données
  (compiler le fichier source 'Bank%20System.cpp')
  
C:\Users\lmrin\Desktop\Course 11\Bank System\clsUser.h(169,9): warning C4240: extension non standard utilisée : accès à 'clsUser::stLoginRegister' défini maintenant comme 'public', était précédemment défini comme 'private'
  (compiler le fichier source 'Bank%20System.cpp')
      C:\Users\lmrin\Desktop\Course 11\Bank System\clsUser.h(30,9):
      voir la déclaration de 'clsUser::stLoginRegister'
  
C:\Users\lmrin\Desktop\Course 11\Bank System\clsBankClient.h(191,9): warning C4240: extension non standard utilisée : accès à 'clsBankClient::stTransferLog' défini maintenant comme 'public', était précédemment défini comme 'private'
  (compiler le fichier source 'Bank%20System.cpp')
      C:\Users\lmrin\Desktop\Course 11\Bank System\clsBankClient.h(29,9):
      voir la déclaration de 'clsBankClient::stTransferLog'
  
C:\Users\lmrin\Desktop\Course 11\Bank System\clsBankClient.h(38,24): warning C4244: 'argument' : conversion de 'double' en 'float', perte possible de données
  (compiler le fichier source 'Bank%20System.cpp')
  
C:\Users\lmrin\Desktop\Course 11\Bank System\clsBankClient.h(252,22): warning C4244: '+=' : conversion de 'double' en 'float', perte possible de données
  (compiler le fichier source 'Bank%20System.cpp')
  
C:\Users\lmrin\Desktop\Course 11\Bank System\clsBankClient.h(264,23): warning C4244: '-=' : conversion de 'double' en 'float', perte possible de données
  (compiler le fichier source 'Bank%20System.cpp')
  
C:\Users\lmrin\Desktop\Course 11\Bank System\clsUpdateClientScreen.h(31,62): warning C4244: 'argument' : conversion de 'T' en 'float', perte possible de données
C:\Users\lmrin\Desktop\Course 11\Bank System\clsUpdateClientScreen.h(31,62): warning C4244:         with
C:\Users\lmrin\Desktop\Course 11\Bank System\clsUpdateClientScreen.h(31,62): warning C4244:         [
C:\Users\lmrin\Desktop\Course 11\Bank System\clsUpdateClientScreen.h(31,62): warning C4244:             T=int
C:\Users\lmrin\Desktop\Course 11\Bank System\clsUpdateClientScreen.h(31,62): warning C4244:         ]
  (compiler le fichier source 'Bank%20System.cpp')
  
C:\Users\lmrin\Desktop\Course 11\Bank System\clsTotalBalancesScreen.h(63,63): warning C4244: 'argument' : conversion de 'double' en 'int', perte possible de données
  (compiler le fichier source 'Bank%20System.cpp')
  
C:\Users\lmrin\Desktop\Course 11\Bank System\clsTransferScreen.h(93,22): warning C4244: 'initialisation' : conversion de 'double' en 'float', perte possible de données
  (compiler le fichier source 'Bank%20System.cpp')
  
C:\Users\lmrin\Desktop\Course 11\Bank System\clsUpdateUserScreen.h(151,17): warning C4129: « E » : séquence d’échappement de caractères non reconnue
  (compiler le fichier source 'Bank%20System.cpp')
  
C:\Users\lmrin\Desktop\Course 11\Bank System\clsCurrency.h(33,26): warning C4244: 'argument' : conversion de 'double' en 'float', perte possible de données
  (compiler le fichier source 'Bank%20System.cpp')
  
C:\Users\lmrin\Desktop\Course 11\Bank System\clsCurrency.h(248,21): warning C4244: 'initialisation' : conversion de 'double' en 'float', perte possible de données
  (compiler le fichier source 'Bank%20System.cpp')
  
C:\Users\lmrin\Desktop\Course 11\Bank System\clsCurrencyCalucatorScreen.h(54,27): warning C4244: 'initialisation' : conversion de 'double' en 'float', perte possible de données
  (compiler le fichier source 'Bank%20System.cpp')
  
C:\Users\lmrin\Desktop\Course 11\Bank System\clsCurrencyCalucatorScreen.h(67,34): warning C4244: 'initialisation' : conversion de 'double' en 'float', perte possible de données
  (compiler le fichier source 'Bank%20System.cpp')
  
C:\Users\lmrin\Desktop\Course 11\Bank System\clsBankClient.h(372,1): warning C4715: 'clsBankClient::Save' : les chemins de contrôle ne retournent pas tous une valeur
C:\Users\lmrin\Desktop\Course 11\Bank System\clsUser.h(336,1): warning C4715: 'clsUser::Save' : les chemins de contrôle ne retournent pas tous une valeur
  Bank System.vcxproj -> C:\Users\lmrin\Desktop\Course 11\Bank System\x64\Debug\Bank System.exe
